0 info it worked if it ends with ok
1 verbose cli [ 'c:\\Program Files\\nodejs\\node.exe',
1 verbose cli   'c:\\Program Files\\nodejs\\node_modules\\npm\\bin\\npm-cli.js',
1 verbose cli   'install',
1 verbose cli   '-g',
1 verbose cli   'n',
1 verbose cli   '7.10' ]
2 info using npm@3.10.10
3 info using node@v6.11.3
4 silly loadCurrentTree Starting
5 silly install loadCurrentTree
6 silly install readGlobalPackageData
7 silly fetchPackageMetaData n
8 silly fetchPackageMetaData 7.10
9 silly fetchNamedPackageData n
10 silly mapToRegistry name n
11 silly mapToRegistry using default registry
12 silly mapToRegistry registry https://registry.npmjs.org/
13 silly mapToRegistry data Result {
13 silly mapToRegistry   raw: 'n',
13 silly mapToRegistry   scope: null,
13 silly mapToRegistry   escapedName: 'n',
13 silly mapToRegistry   name: 'n',
13 silly mapToRegistry   rawSpec: '',
13 silly mapToRegistry   spec: 'latest',
13 silly mapToRegistry   type: 'tag' }
14 silly mapToRegistry uri https://registry.npmjs.org/n
15 silly fetchNamedPackageData 7.10
16 silly mapToRegistry name 7.10
17 silly mapToRegistry using default registry
18 silly mapToRegistry registry https://registry.npmjs.org/
19 silly mapToRegistry data Result {
19 silly mapToRegistry   raw: '7.10',
19 silly mapToRegistry   scope: null,
19 silly mapToRegistry   escapedName: '7.10',
19 silly mapToRegistry   name: '7.10',
19 silly mapToRegistry   rawSpec: '',
19 silly mapToRegistry   spec: 'latest',
19 silly mapToRegistry   type: 'tag' }
20 silly mapToRegistry uri https://registry.npmjs.org/7.10
21 verbose request uri https://registry.npmjs.org/7.10
22 verbose request no auth needed
23 info attempt registry request try #1 at 10:21:02
24 verbose request id 4d9c9d6012889fce
25 http request GET https://registry.npmjs.org/7.10
26 verbose request uri https://registry.npmjs.org/n
27 verbose request no auth needed
28 info attempt registry request try #1 at 10:21:02
29 verbose etag "5a27a97a-1172b"
30 verbose lastModified Wed, 6 Dec 2017 8:25:30 GMT
31 http request GET https://registry.npmjs.org/n
32 http 304 https://registry.npmjs.org/n
33 verbose headers { date: 'Tue, 26 Dec 2017 02:21:03 GMT',
33 verbose headers   via: '1.1 varnish',
33 verbose headers   'cache-control': 'max-age=300',
33 verbose headers   etag: '"5a27a97a-1172b"',
33 verbose headers   age: '6350',
33 verbose headers   connection: 'keep-alive',
33 verbose headers   'x-served-by': 'cache-itm18835-ITM',
33 verbose headers   'x-cache': 'HIT',
33 verbose headers   'x-cache-hits': '2',
33 verbose headers   'x-timer': 'S1514254864.792339,VS0,VE0',
33 verbose headers   vary: 'Accept-Encoding, Accept' }
34 silly get cb [ 304,
34 silly get   { date: 'Tue, 26 Dec 2017 02:21:03 GMT',
34 silly get     via: '1.1 varnish',
34 silly get     'cache-control': 'max-age=300',
34 silly get     etag: '"5a27a97a-1172b"',
34 silly get     age: '6350',
34 silly get     connection: 'keep-alive',
34 silly get     'x-served-by': 'cache-itm18835-ITM',
34 silly get     'x-cache': 'HIT',
34 silly get     'x-cache-hits': '2',
34 silly get     'x-timer': 'S1514254864.792339,VS0,VE0',
34 silly get     vary: 'Accept-Encoding, Accept' } ]
35 verbose etag https://registry.npmjs.org/n from cache
36 verbose get saving n to C:\Users\Gino\AppData\Roaming\npm-cache\registry.npmjs.org\n\.cache.json
37 verbose correctMkdir C:\Users\Gino\AppData\Roaming\npm-cache correctMkdir not in flight; initializing
38 http 200 https://registry.npmjs.org/7.10
39 verbose headers { 'content-type': 'application/json; charset=UTF-8',
39 verbose headers   server: 'UploadServer',
39 verbose headers   'cache-control': 'max-age=300',
39 verbose headers   'last-modified': 'Mon, 10 Jul 2017 1:07:05 GMT',
39 verbose headers   etag: '"5962d339-459"',
39 verbose headers   'content-encoding': 'gzip',
39 verbose headers   'content-length': '634',
39 verbose headers   'accept-ranges': 'bytes',
39 verbose headers   date: 'Tue, 26 Dec 2017 02:21:04 GMT',
39 verbose headers   via: '1.1 varnish',
39 verbose headers   age: '0',
39 verbose headers   connection: 'keep-alive',
39 verbose headers   'x-served-by': 'cache-itm18827-ITM',
39 verbose headers   'x-cache': 'MISS',
39 verbose headers   'x-cache-hits': '0',
39 verbose headers   'x-timer': 'S1514254864.760522,VS0,VE261',
39 verbose headers   vary: 'Accept-Encoding, Accept' }
40 silly get cb [ 200,
40 silly get   { 'content-type': 'application/json; charset=UTF-8',
40 silly get     server: 'UploadServer',
40 silly get     'cache-control': 'max-age=300',
40 silly get     'last-modified': 'Mon, 10 Jul 2017 1:07:05 GMT',
40 silly get     etag: '"5962d339-459"',
40 silly get     'content-encoding': 'gzip',
40 silly get     'content-length': '634',
40 silly get     'accept-ranges': 'bytes',
40 silly get     date: 'Tue, 26 Dec 2017 02:21:04 GMT',
40 silly get     via: '1.1 varnish',
40 silly get     age: '0',
40 silly get     connection: 'keep-alive',
40 silly get     'x-served-by': 'cache-itm18827-ITM',
40 silly get     'x-cache': 'MISS',
40 silly get     'x-cache-hits': '0',
40 silly get     'x-timer': 'S1514254864.760522,VS0,VE261',
40 silly get     vary: 'Accept-Encoding, Accept' } ]
41 verbose get saving 7.10 to C:\Users\Gino\AppData\Roaming\npm-cache\registry.npmjs.org\7.10\.cache.json
42 verbose correctMkdir C:\Users\Gino\AppData\Roaming\npm-cache correctMkdir not in flight; initializing
43 silly install normalizeTree
44 silly loadCurrentTree Finishing
45 silly loadIdealTree Starting
46 silly install loadIdealTree
47 silly cloneCurrentTree Starting
48 silly install cloneCurrentTreeToIdealTree
49 silly cloneCurrentTree Finishing
50 silly loadShrinkwrap Starting
51 silly install loadShrinkwrap
52 silly loadShrinkwrap Finishing
53 silly loadAllDepsIntoIdealTree Starting
54 silly install loadAllDepsIntoIdealTree
55 silly rollbackFailedOptional Starting
56 silly rollbackFailedOptional Finishing
57 silly runTopLevelLifecycles Finishing
58 silly install printInstalled
59 verbose stack Error: Unsupported platform for n@2.1.8: wanted {"name":"n","description":"Interactively Manage All Your Node Versions","version":"2.1.8","author":{"name":"TJ Holowaychuk","email":"tj@vision-media.ca"},"homepage":"https://github.com/tj/n","bugs":{"url":"https://github.com/tj/n/issues"},"contributors":[{"name":"Travis Webb","email":"me@traviswebb.com","url":"tjw.io"},{"name":"Nimit Kalra","email":"me@nimit.io","url":"http://nimit.io"},{"name":"Troy Connor","email":"troy0820@gmail.com","url":"https://github.com/troy0820"}],"keywords":["nvm","node","version","manager","switcher","node","binary","env"],"bin":{"n":"./bin/n"},"repository":{"type":"git","url":"git://github.com/tj/n.git"},"preferGlobal":true,"os":["!win32"],"engines":{"node":"*"},"license":"MIT","gitHead":"14ab6ff01f3b673e2e29f465a00e0b29643bb8d9","_id":"n@2.1.8","_npmVersion":"5.0.3","_nodeVersion":"8.1.2","_npmUser":{"name":"troy0820","email":"troy0820@gmail.com"},"dist":{"integrity":"sha512-VN3To6jBHSdTHmv+fT00V1nBdj3MWdcOlEKBEaUtXKRqQhuN289B9Jym9P/L3rXfafAsapmh4Fcr/DUR8DGJVg==","shasum":"9b770f6ae0a93c49c64fb614625a63cc5a22d1fd","tarball":"https://registry.npmjs.org/n/-/n-2.1.8.tgz"},"maintainers":[{"name":"bat","email":"ben@benatkin.com"},{"name":"qw3rtman","email":"me@nimit.io"},{"name":"tedgaydos","email":"tedgaydos@gmail.com"},{"name":"tjholowaychuk","email":"tj@vision-media.ca"},{"name":"tjwebb","email":"me@traviswebb.com"},{"name":"troy0820","email":"troy0820@gmail.com"}],"_npmOperationalInternal":{"host":"s3://npm-registry-packages","tmp":"tmp/n-2.1.8.tgz_1498880450388_0.9696143395267427"},"directories":{},"_from":"n","_resolved":"https://registry.npmjs.org/n/-/n-2.1.8.tgz","_shasum":"9b770f6ae0a93c49c64fb614625a63cc5a22d1fd","_requested":{"raw":"n","scope":null,"escapedName":"n","name":"n","rawSpec":"","spec":"latest","type":"tag"},"_spec":"n","_where":"C:\\AppServ\\www\\line_bot_node","_args":[[{"raw":"n","scope":null,"escapedName":"n","name":"n","rawSpec":"","spec":"latest","type":"tag"},"C:\\AppServ\\www\\line_bot_node"]],"readme":"ERROR: No README data found!"} (current: {"os":"win32","cpu":"x64"})
59 verbose stack     at checkPlatform (c:\Program Files\nodejs\node_modules\npm\node_modules\npm-install-checks\index.js:45:14)
59 verbose stack     at thenWarnEngineIssues (c:\Program Files\nodejs\node_modules\npm\lib\install\validate-args.js:41:5)
59 verbose stack     at c:\Program Files\nodejs\node_modules\npm\node_modules\iferr\index.js:13:50
59 verbose stack     at checkEngine (c:\Program Files\nodejs\node_modules\npm\node_modules\npm-install-checks\index.js:24:10)
59 verbose stack     at module.exports.isInstallable (c:\Program Files\nodejs\node_modules\npm\lib\install\validate-args.js:38:3)
59 verbose stack     at Array.<anonymous> (c:\Program Files\nodejs\node_modules\npm\node_modules\slide\lib\bind-actor.js:15:8)
59 verbose stack     at LOOP (c:\Program Files\nodejs\node_modules\npm\node_modules\slide\lib\chain.js:15:14)
59 verbose stack     at c:\Program Files\nodejs\node_modules\npm\node_modules\slide\lib\chain.js:18:7
59 verbose stack     at checkSelf (c:\Program Files\nodejs\node_modules\npm\lib\install\validate-args.js:46:72)
59 verbose stack     at Array.<anonymous> (c:\Program Files\nodejs\node_modules\npm\node_modules\slide\lib\bind-actor.js:15:8)
60 verbose pkgid n@2.1.8
61 verbose cwd C:\AppServ\www\line_bot_node
62 error Windows_NT 6.1.7601
63 error argv "c:\\Program Files\\nodejs\\node.exe" "c:\\Program Files\\nodejs\\node_modules\\npm\\bin\\npm-cli.js" "install" "-g" "n" "7.10"
64 error node v6.11.3
65 error npm  v3.10.10
66 error code EBADPLATFORM
67 error notsup Unsupported platform for n@2.1.8: wanted {"os":"!win32","arch":"any"} (current: {"os":"win32","arch":"x64"})
68 error notsup Valid OS:    !win32
68 error notsup Valid Arch:  any
68 error notsup Actual OS:   win32
68 error notsup Actual Arch: x64
69 verbose exit [ 1, true ]
